[2026-02-23 13:03:12] [OK] 15 min restantes | Chegada: 3:22 PM
[2026-02-23 13:03:14] [OK] 10 min restantes | Chegada: 3:22 PM
[2026-02-23 13:03:16] [OK] 5 min restantes | Chegada: 3:22 PM
[2026-02-23 13:03:18] [URGENTE] 3 min restantes! | Placa: GFA3F79 | Motorista: Breno | Veículo: Fiat Uno | Cor: Branco | Chegada: 3:22 PM
[2026-02-23 13:03:20] [URGENTE] 2 min restantes! | Placa: GFA3F79 | Motorista: Breno | Veículo: Fiat Uno | Cor: Branco | Chegada: 3:22 PM
[2026-02-23 13:03:23] [URGENTE] 1 min restantes! | Placa: GFA3F79 | Motorista: Breno | Veículo: Fiat Uno | Cor: Branco | Chegada: 3:22 PM
[2026-02-23 13:03:25] [URGENTE] MOTORISTA NO LOCAL! | Placa: GFA3F79 | Motorista: Breno | Veículo: Fiat Uno | Cor: Branco | Chegada: 3:22 PM
[2026-02-23 13:03:29] [ENTREGUE] ITEM ENTREGUE! | Placa: GFA3F79 | Motorista: Breno | Veículo: Fiat Uno | Cor: Branco | Chegada: 3:22 PM
[2026-02-23 13:17:57] DEBUG: Simulação iniciada
[2026-02-23 13:18:11] CHEGANDO: Placa: GFA3F79 | Motorista: Breno | Veículo: Fiat Uno | Cor: Branco | Chegada: 3:22 PM
[2026-02-23 13:18:13] DEBUG: Simulação finalizada
[2026-02-23 13:18:22] Rastreamento iniciado: https://trip.uber.com/MOeWcWMd7Pk
[2026-02-23 13:18:48] Rastreamento finalizado
[2026-02-23 13:27:18] Rastreamento iniciado: https://trip.uber.com/MOeWcWMd7Pk
[2026-02-23 13:27:48] ENTREGUE: Placa: GBX3A85 | Cor: Prata | Chegada: 11:34 AM
[2026-02-23 13:27:50] Rastreamento finalizado
[2026-02-23 13:32:27] Rastreamento: https://trip.uber.com/MOeWcWMd7Pk
[2026-02-23 13:32:33] DEBUG iniciado
[2026-02-23 13:32:49] Rastreamento finalizado
[2026-02-23 13:32:56] DEBUG finalizado
[2026-02-23 13:38:16] DEBUG iniciado
[2026-02-23 13:38:39] DEBUG finalizado
[2026-02-23 13:40:07] DEBUG iniciado
[2026-02-23 13:40:29] DEBUG finalizado
